/*
 * Licensed to the Apache Software Foundation (ASF) under one
 * or more contributor license agreements.  See the NOTICE file
 * distributed with this work for additional information
 * regarding copyright ownership.  The ASF licenses this file
 * to you under the Apache License, Version 2.0 (the
 * "License"); you may not use this file except in compliance
 * with the License.  You may obtain a copy of the License at
 *
 * http://www.apache.org/licenses/LICENSE-2.0
 *
 * Unless required by applicable law or agreed to in writing,
 * software distributed under the License is distributed on an
 * "AS IS" BASIS, WITHOUT WARRANTIES OR CONDITIONS OF ANY
 * KIND, either express or implied.  See the License for the
 * specific language governing permissions and limitations
 * under the License.
 */
LOAD 'age';
SET search_path TO ag_catalog;
--
-- age_shortest_path / age_all_shortest_paths
--
SELECT * FROM create_graph('sp_graph');
NOTICE:  graph "sp_graph" has been created
 create_graph 
--------------
 
(1 row)

-- Build a small deterministic graph:
--
--        A
--       / \
--      B   C        (A->B, A->C, B->D, C->D : two shortest A..D paths)
--       \ /
--        D
--        |
--        E          (D->E : unique 3-hop path A..E)
--
--        Z          (isolated, unreachable)
--
SELECT * FROM cypher('sp_graph', $$
    CREATE (a:Person {name: 'A'}),
           (b:Person {name: 'B'}),
           (c:Person {name: 'C'}),
           (d:Person {name: 'D'}),
           (e:Person {name: 'E'}),
           (z:Person {name: 'Z'}),
           (a)-[:KNOWS]->(b),
           (a)-[:KNOWS]->(c),
           (b)-[:KNOWS]->(d),
           (c)-[:KNOWS]->(d),
           (d)-[:KNOWS]->(e)
$$) AS (result agtype);
 result 
--------
(0 rows)

-- materialize the global graph context
SELECT * FROM cypher('sp_graph', $$ MATCH (u) RETURN vertex_stats(u) ORDER BY id(u) $$)
    AS (result agtype);
                                            result                                            
----------------------------------------------------------------------------------------------
 {"id": 844424930131969, "label": "Person", "in_degree": 0, "out_degree": 2, "self_loops": 0}
 {"id": 844424930131970, "label": "Person", "in_degree": 1, "out_degree": 1, "self_loops": 0}
 {"id": 844424930131971, "label": "Person", "in_degree": 1, "out_degree": 1, "self_loops": 0}
 {"id": 844424930131972, "label": "Person", "in_degree": 2, "out_degree": 1, "self_loops": 0}
 {"id": 844424930131973, "label": "Person", "in_degree": 1, "out_degree": 0, "self_loops": 0}
 {"id": 844424930131974, "label": "Person", "in_degree": 0, "out_degree": 0, "self_loops": 0}
(6 rows)

-- A -> D shortest path (length 2); expected: path_count = 1
SELECT count(*) AS path_count
FROM age_shortest_path(
    '"sp_graph"'::agtype,
    (SELECT id FROM cypher('sp_graph', $$ MATCH (n {name:'A'}) RETURN id(n) $$) AS (id agtype)),
    (SELECT id FROM cypher('sp_graph', $$ MATCH (n {name:'D'}) RETURN id(n) $$) AS (id agtype))
);
 path_count 
------------
          1
(1 row)

-- all shortest A -> D; expected: 2 paths (A-B-D and A-C-D), each length 2
SELECT path
FROM age_all_shortest_paths(
    '"sp_graph"'::agtype,
    (SELECT id FROM cypher('sp_graph', $$ MATCH (n {name:'A'}) RETURN id(n) $$) AS (id agtype)),
    (SELECT id FROM cypher('sp_graph', $$ MATCH (n {name:'D'}) RETURN id(n) $$) AS (id agtype))
) AS path
ORDER BY path;
                                                                                                                                                                                                                                                       path                                                                                                                                                                                                                                                        
-------------------------------------------------------------------------------------------------------------------------------------------------------------------------------------------------------------------------------------------------------------------------------------------------------------------------------------------------------------------------------------------------------------------------------------------------------------------------------------------------------------------
 [{"id": 844424930131969, "label": "Person", "properties": {"name": "A"}}::vertex, {"id": 1125899906842625, "label": "KNOWS", "end_id": 844424930131970, "start_id": 844424930131969, "properties": {}}::edge, {"id": 844424930131970, "label": "Person", "properties": {"name": "B"}}::vertex, {"id": 1125899906842627, "label": "KNOWS", "end_id": 844424930131972, "start_id": 844424930131970, "properties": {}}::edge, {"id": 844424930131972, "label": "Person", "properties": {"name": "D"}}::vertex]::path
 [{"id": 844424930131969, "label": "Person", "properties": {"name": "A"}}::vertex, {"id": 1125899906842626, "label": "KNOWS", "end_id": 844424930131971, "start_id": 844424930131969, "properties": {}}::edge, {"id": 844424930131971, "label": "Person", "properties": {"name": "C"}}::vertex, {"id": 1125899906842628, "label": "KNOWS", "end_id": 844424930131972, "start_id": 844424930131971, "properties": {}}::edge, {"id": 844424930131972, "label": "Person", "properties": {"name": "D"}}::vertex]::path
(2 rows)

-- A -> E unique 3-hop path; expected: path_count = 1
SELECT count(*) AS path_count
FROM age_shortest_path(
    '"sp_graph"'::agtype,
    (SELECT id FROM cypher('sp_graph', $$ MATCH (n {name:'A'}) RETURN id(n) $$) AS (id agtype)),
    (SELECT id FROM cypher('sp_graph', $$ MATCH (n {name:'E'}) RETURN id(n) $$) AS (id agtype))
);
 path_count 
------------
          1
(1 row)

-- A -> E with max_hops = 2; expected: path_count = 0 (E is 3 hops away)
SELECT count(*) AS path_count
FROM age_shortest_path(
    '"sp_graph"'::agtype,
    (SELECT id FROM cypher('sp_graph', $$ MATCH (n {name:'A'}) RETURN id(n) $$) AS (id agtype)),
    (SELECT id FROM cypher('sp_graph', $$ MATCH (n {name:'E'}) RETURN id(n) $$) AS (id agtype)),
    NULL, NULL, NULL, 2::agtype
);
 path_count 
------------
          0
(1 row)

-- zero-length path, start == end; expected: path_count = 1
SELECT count(*) AS path_count
FROM age_shortest_path(
    '"sp_graph"'::agtype,
    (SELECT id FROM cypher('sp_graph', $$ MATCH (n {name:'A'}) RETURN id(n) $$) AS (id agtype)),
    (SELECT id FROM cypher('sp_graph', $$ MATCH (n {name:'A'}) RETURN id(n) $$) AS (id agtype))
);
 path_count 
------------
          1
(1 row)

-- unreachable vertex Z; expected: path_count = 0
SELECT count(*) AS path_count
FROM age_shortest_path(
    '"sp_graph"'::agtype,
    (SELECT id FROM cypher('sp_graph', $$ MATCH (n {name:'A'}) RETURN id(n) $$) AS (id agtype)),
    (SELECT id FROM cypher('sp_graph', $$ MATCH (n {name:'Z'}) RETURN id(n) $$) AS (id agtype))
);
 path_count 
------------
          0
(1 row)

-- direction 'in': D -> A traversing edges backwards; expected: path_count = 2
SELECT count(*) AS path_count
FROM age_all_shortest_paths(
    '"sp_graph"'::agtype,
    (SELECT id FROM cypher('sp_graph', $$ MATCH (n {name:'D'}) RETURN id(n) $$) AS (id agtype)),
    (SELECT id FROM cypher('sp_graph', $$ MATCH (n {name:'A'}) RETURN id(n) $$) AS (id agtype)),
    NULL, '"in"'::agtype
);
 path_count 
------------
          2
(1 row)

-- direction 'out': D -> A not reachable forwards; expected: path_count = 0
SELECT count(*) AS path_count
FROM age_shortest_path(
    '"sp_graph"'::agtype,
    (SELECT id FROM cypher('sp_graph', $$ MATCH (n {name:'D'}) RETURN id(n) $$) AS (id agtype)),
    (SELECT id FROM cypher('sp_graph', $$ MATCH (n {name:'A'}) RETURN id(n) $$) AS (id agtype)),
    NULL, '"out"'::agtype
);
 path_count 
------------
          0
(1 row)

-- label filter 'KNOWS': A -> D still found; expected: path_count = 1
SELECT count(*) AS path_count
FROM age_shortest_path(
    '"sp_graph"'::agtype,
    (SELECT id FROM cypher('sp_graph', $$ MATCH (n {name:'A'}) RETURN id(n) $$) AS (id agtype)),
    (SELECT id FROM cypher('sp_graph', $$ MATCH (n {name:'D'}) RETURN id(n) $$) AS (id agtype)),
    '"KNOWS"'::agtype
);
 path_count 
------------
          1
(1 row)

-- error: invalid direction string; expected: ERROR (must be 'out', 'in', or 'any')
SELECT count(*) AS path_count
FROM age_shortest_path(
    '"sp_graph"'::agtype,
    (SELECT id FROM cypher('sp_graph', $$ MATCH (n {name:'A'}) RETURN id(n) $$) AS (id agtype)),
    (SELECT id FROM cypher('sp_graph', $$ MATCH (n {name:'D'}) RETURN id(n) $$) AS (id agtype)),
    NULL, '"sideways"'::agtype
);
ERROR:  direction argument must be one of 'out', 'in', or 'any'
-- error: start argument is neither a vertex nor an integer id; expected: ERROR
SELECT count(*) AS path_count
FROM age_shortest_path(
    '"sp_graph"'::agtype,
    '"not_a_vertex"'::agtype,
    (SELECT id FROM cypher('sp_graph', $$ MATCH (n {name:'D'}) RETURN id(n) $$) AS (id agtype))
);
ERROR:  start vertex argument must be a vertex or the integer id
--
-- Non-existent endpoint guards. These must NOT crash the backend and must
-- return no rows (a path can only exist between vertices in the graph).
-- Previously, start == end on a non-existent vertex id was matched at BFS
-- depth 0 and path reconstruction dereferenced a missing vertex, crashing
-- the server.
--
-- start == end on a non-existent integer id; expected: path_count = 0
SELECT count(*) AS path_count
FROM age_shortest_path('"sp_graph"'::agtype, 999999::agtype, 999999::agtype);
 path_count 
------------
          0
(1 row)

-- existing start -> non-existent end; expected: path_count = 0
SELECT count(*) AS path_count
FROM age_shortest_path(
    '"sp_graph"'::agtype,
    (SELECT id FROM cypher('sp_graph', $$ MATCH (n {name:'A'}) RETURN id(n) $$) AS (id agtype)),
    999999::agtype
);
 path_count 
------------
          0
(1 row)

-- non-existent start -> existing end; expected: path_count = 0
SELECT count(*) AS path_count
FROM age_shortest_path(
    '"sp_graph"'::agtype,
    999999::agtype,
    (SELECT id FROM cypher('sp_graph', $$ MATCH (n {name:'A'}) RETURN id(n) $$) AS (id agtype))
);
 path_count 
------------
          0
(1 row)

-- all-shortest-paths with start == end non-existent; expected: 0 rows
SELECT count(*) AS path_count
FROM age_all_shortest_paths('"sp_graph"'::agtype, 999999::agtype, 999999::agtype);
 path_count 
------------
          0
(1 row)

-- cleanup
SELECT * FROM drop_graph('sp_graph', true);
NOTICE:  drop cascades to 4 other objects
DETAIL:  drop cascades to table sp_graph._ag_label_vertex
drop cascades to table sp_graph._ag_label_edge
drop cascades to table sp_graph."Person"
drop cascades to table sp_graph."KNOWS"
NOTICE:  graph "sp_graph" has been dropped
 drop_graph 
------------
 
(1 row)

--
-- Empty graph: a graph that exists but has no vertices must return no rows
-- (and must not hang or crash) for any endpoint query.
--
SELECT * FROM create_graph('sp_empty');
NOTICE:  graph "sp_empty" has been created
 create_graph 
--------------
 
(1 row)

SELECT count(*) AS path_count
FROM age_shortest_path('"sp_empty"'::agtype, 0::agtype, 1::agtype);
 path_count 
------------
          0
(1 row)

SELECT count(*) AS path_count
FROM age_all_shortest_paths('"sp_empty"'::agtype, 0::agtype, 0::agtype);
 path_count 
------------
          0
(1 row)

SELECT * FROM drop_graph('sp_empty', true);
NOTICE:  drop cascades to 2 other objects
DETAIL:  drop cascades to table sp_empty._ag_label_vertex
drop cascades to table sp_empty._ag_label_edge
NOTICE:  graph "sp_empty" has been dropped
 drop_graph 
------------
 
(1 row)

--
-- A large, programmatically generated graph (120 nodes) exercising long
-- shortest paths (length up to 20), high-multiplicity all-shortest-paths,
-- label filtering, and directed vs. undirected reachability.
--
-- Nodes: (:N {id: 0..119}).  Structures built on top of them:
--
--   * Main chain      0 -> 1 -> ... -> 20            (unique 20-hop path)
--   * Alternate chain 0 -> 50 -> 51 -> ... -> 68 -> 20
--                       (a second, disjoint 20-hop path 0..20)
--       => all-shortest-paths 0..20 under KNOWS = 2 paths of length 20
--   * 3x3 lattice on ids 70..78, id = 70 + 3*row + col, edges go right
--     (id->id+1) and down (id->id+3).  Monotone 70..78 paths:
--       => all-shortest-paths 70..78 = C(4,2) = 6 paths of length 4
--   * LIKES shortcut  0 -[:LIKES]-> 20  (1 hop; only visible when the edge
--     label filter is NOT restricted to KNOWS)
--   * Back-edge triangle 0 -> 96 -> 95 -> 0
--       => directed 0->95 = 2 hops (0-96-95); undirected 0..95 = 1 hop
--   * Many unused ids (e.g. 119) remain isolated / unreachable.
--
SELECT * FROM create_graph('sp_big');
NOTICE:  graph "sp_big" has been created
 create_graph 
--------------
 
(1 row)

-- 120 vertices, ids 0..119
SELECT * FROM cypher('sp_big', $$
    UNWIND range(0, 119) AS i CREATE (:N {id: i})
$$) AS (result agtype);
 result 
--------
(0 rows)

-- main chain 0->1->...->20  (KNOWS)
SELECT * FROM cypher('sp_big', $$
    UNWIND range(0, 19) AS i
    MATCH (a:N {id: i}), (b:N {id: i + 1})
    CREATE (a)-[:KNOWS]->(b)
$$) AS (result agtype);
 result 
--------
(0 rows)

-- alternate, disjoint 20-hop path 0->50->51->...->68->20  (KNOWS)
SELECT * FROM cypher('sp_big', $$
    MATCH (a:N {id: 0}), (b:N {id: 50}) CREATE (a)-[:KNOWS]->(b)
$$) AS (result agtype);
 result 
--------
(0 rows)

SELECT * FROM cypher('sp_big', $$
    UNWIND range(50, 67) AS i
    MATCH (a:N {id: i}), (b:N {id: i + 1})
    CREATE (a)-[:KNOWS]->(b)
$$) AS (result agtype);
 result 
--------
(0 rows)

SELECT * FROM cypher('sp_big', $$
    MATCH (a:N {id: 68}), (b:N {id: 20}) CREATE (a)-[:KNOWS]->(b)
$$) AS (result agtype);
 result 
--------
(0 rows)

-- 3x3 lattice on ids 70..78: right edges (id -> id+1)
SELECT * FROM cypher('sp_big', $$
    UNWIND [0, 1, 2] AS r
    UNWIND [0, 1] AS c
    MATCH (a:N {id: 70 + 3 * r + c}), (b:N {id: 70 + 3 * r + c + 1})
    CREATE (a)-[:KNOWS]->(b)
$$) AS (result agtype);
 result 
--------
(0 rows)

-- 3x3 lattice: down edges (id -> id+3)
SELECT * FROM cypher('sp_big', $$
    UNWIND [0, 1] AS r
    UNWIND [0, 1, 2] AS c
    MATCH (a:N {id: 70 + 3 * r + c}), (b:N {id: 70 + 3 * (r + 1) + c})
    CREATE (a)-[:KNOWS]->(b)
$$) AS (result agtype);
 result 
--------
(0 rows)

-- back-edge triangle 0 -> 96 -> 95 -> 0  (KNOWS)
SELECT * FROM cypher('sp_big', $$
    MATCH (a:N {id: 0}),  (b:N {id: 96}) CREATE (a)-[:KNOWS]->(b)
$$) AS (result agtype);
 result 
--------
(0 rows)

SELECT * FROM cypher('sp_big', $$
    MATCH (a:N {id: 96}), (b:N {id: 95}) CREATE (a)-[:KNOWS]->(b)
$$) AS (result agtype);
 result 
--------
(0 rows)

SELECT * FROM cypher('sp_big', $$
    MATCH (a:N {id: 95}), (b:N {id: 0})  CREATE (a)-[:KNOWS]->(b)
$$) AS (result agtype);
 result 
--------
(0 rows)

-- labelled shortcut 0 -[:LIKES]-> 20
SELECT * FROM cypher('sp_big', $$
    MATCH (a:N {id: 0}), (b:N {id: 20}) CREATE (a)-[:LIKES]->(b)
$$) AS (result agtype);
 result 
--------
(0 rows)

-- sanity: vertex count (also materializes the global context); expected: count = 120
SELECT * FROM cypher('sp_big', $$ MATCH (n) RETURN count(n) $$) AS (n agtype);
  n  
-----
 120
(1 row)

-- all shortest 0 -> 20 under KNOWS (main chain + disjoint alternate);
-- expected: 2 paths, each exactly 20 hops
SELECT path
FROM age_all_shortest_paths(
    '"sp_big"'::agtype,
    (SELECT id FROM cypher('sp_big', $$ MATCH (n:N {id: 0})  RETURN id(n) $$) AS (id agtype)),
    (SELECT id FROM cypher('sp_big', $$ MATCH (n:N {id: 20}) RETURN id(n) $$) AS (id agtype)),
    '"KNOWS"'::agtype, '"out"'::agtype
) AS path
ORDER BY path;
                                                                                                                                                                                                                                                                                                                                                                                                                                                                                                                                                                                                                                                                                                                                                                                                                                                                                                                                                                                                                                                                                                                                                                                                                                                                                                                                                                                                                                                                                                                                                                                                                                                                                                                                                                                                                                                                                                                                                                                                                                                                                        path                                                                                                                                                                                                                                                                                                                                                                                                                                                                                                                                                                                                                                                                                                                                                                                                                                                                                                                                                                                                                                                                                                                                                                                                                                                                                                                                                                                                                                                                                                                                                                                                                                                                                                                                                                                                                                                                                                                                                                                                                                                                                        
------------------------------------------------------------------------------------------------------------------------------------------------------------------------------------------------------------------------------------------------------------------------------------------------------------------------------------------------------------------------------------------------------------------------------------------------------------------------------------------------------------------------------------------------------------------------------------------------------------------------------------------------------------------------------------------------------------------------------------------------------------------------------------------------------------------------------------------------------------------------------------------------------------------------------------------------------------------------------------------------------------------------------------------------------------------------------------------------------------------------------------------------------------------------------------------------------------------------------------------------------------------------------------------------------------------------------------------------------------------------------------------------------------------------------------------------------------------------------------------------------------------------------------------------------------------------------------------------------------------------------------------------------------------------------------------------------------------------------------------------------------------------------------------------------------------------------------------------------------------------------------------------------------------------------------------------------------------------------------------------------------------------------------------------------------------------------------------------------------------------------------------------------------------------------------------------------------------------------------------------------------------------------------------------------------------------------------------------------------------------------------------------------------------------------------------------------------------------------------------------------------------------------------------------------------------------------------------------------------------------------------------------------------------------------------------------------------------------------------------------------------------------------------------------------------------------------------------------------------------------------------------------------------------------------------------------------------------------------------------------------------------------------------------------------------------------------------------------------------------------------------------------------------------------------------------------------------------------------------------------------------------------------------------------------------------------------------------------------------------------------------------------------------------------------------------------------------------------------------------------------------------------------------------------------------------------------------------------------------------------------------------------------------------------------------------------------------------------------------------------------------------------------------------------------------------------------------------------------------------------------------------------------------------------------------------------------------------------------------------------------------------------------------------------------------------------------------------------------------------------------------------------------------------------------------
 [{"id": 844424930131969, "label": "N", "properties": {"id": 0}}::vertex, {"id": 1125899906842625, "label": "KNOWS", "end_id": 844424930131970, "start_id": 844424930131969, "properties": {}}::edge, {"id": 844424930131970, "label": "N", "properties": {"id": 1}}::vertex, {"id": 1125899906842626, "label": "KNOWS", "end_id": 844424930131971, "start_id": 844424930131970, "properties": {}}::edge, {"id": 844424930131971, "label": "N", "properties": {"id": 2}}::vertex, {"id": 1125899906842627, "label": "KNOWS", "end_id": 844424930131972, "start_id": 844424930131971, "properties": {}}::edge, {"id": 844424930131972, "label": "N", "properties": {"id": 3}}::vertex, {"id": 1125899906842628, "label": "KNOWS", "end_id": 844424930131973, "start_id": 844424930131972, "properties": {}}::edge, {"id": 844424930131973, "label": "N", "properties": {"id": 4}}::vertex, {"id": 1125899906842629, "label": "KNOWS", "end_id": 844424930131974, "start_id": 844424930131973, "properties": {}}::edge, {"id": 844424930131974, "label": "N", "properties": {"id": 5}}::vertex, {"id": 1125899906842630, "label": "KNOWS", "end_id": 844424930131975, "start_id": 844424930131974, "properties": {}}::edge, {"id": 844424930131975, "label": "N", "properties": {"id": 6}}::vertex, {"id": 1125899906842631, "label": "KNOWS", "end_id": 844424930131976, "start_id": 844424930131975, "properties": {}}::edge, {"id": 844424930131976, "label": "N", "properties": {"id": 7}}::vertex, {"id": 1125899906842632, "label": "KNOWS", "end_id": 844424930131977, "start_id": 844424930131976, "properties": {}}::edge, {"id": 844424930131977, "label": "N", "properties": {"id": 8}}::vertex, {"id": 1125899906842633, "label": "KNOWS", "end_id": 844424930131978, "start_id": 844424930131977, "properties": {}}::edge, {"id": 844424930131978, "label": "N", "properties": {"id": 9}}::vertex, {"id": 1125899906842634, "label": "KNOWS", "end_id": 844424930131979, "start_id": 844424930131978, "properties": {}}::edge, {"id": 844424930131979, "label": "N", "properties": {"id": 10}}::vertex, {"id": 1125899906842635, "label": "KNOWS", "end_id": 844424930131980, "start_id": 844424930131979, "properties": {}}::edge, {"id": 844424930131980, "label": "N", "properties": {"id": 11}}::vertex, {"id": 1125899906842636, "label": "KNOWS", "end_id": 844424930131981, "start_id": 844424930131980, "properties": {}}::edge, {"id": 844424930131981, "label": "N", "properties": {"id": 12}}::vertex, {"id": 1125899906842637, "label": "KNOWS", "end_id": 844424930131982, "start_id": 844424930131981, "properties": {}}::edge, {"id": 844424930131982, "label": "N", "properties": {"id": 13}}::vertex, {"id": 1125899906842638, "label": "KNOWS", "end_id": 844424930131983, "start_id": 844424930131982, "properties": {}}::edge, {"id": 844424930131983, "label": "N", "properties": {"id": 14}}::vertex, {"id": 1125899906842639, "label": "KNOWS", "end_id": 844424930131984, "start_id": 844424930131983, "properties": {}}::edge, {"id": 844424930131984, "label": "N", "properties": {"id": 15}}::vertex, {"id": 1125899906842640, "label": "KNOWS", "end_id": 844424930131985, "start_id": 844424930131984, "properties": {}}::edge, {"id": 844424930131985, "label": "N", "properties": {"id": 16}}::vertex, {"id": 1125899906842641, "label": "KNOWS", "end_id": 844424930131986, "start_id": 844424930131985, "properties": {}}::edge, {"id": 844424930131986, "label": "N", "properties": {"id": 17}}::vertex, {"id": 1125899906842642, "label": "KNOWS", "end_id": 844424930131987, "start_id": 844424930131986, "properties": {}}::edge, {"id": 844424930131987, "label": "N", "properties": {"id": 18}}::vertex, {"id": 1125899906842643, "label": "KNOWS", "end_id": 844424930131988, "start_id": 844424930131987, "properties": {}}::edge, {"id": 844424930131988, "label": "N", "properties": {"id": 19}}::vertex, {"id": 1125899906842644, "label": "KNOWS", "end_id": 844424930131989, "start_id": 844424930131988, "properties": {}}::edge, {"id": 844424930131989, "label": "N", "properties": {"id": 20}}::vertex]::path
 [{"id": 844424930131969, "label": "N", "properties": {"id": 0}}::vertex, {"id": 1125899906842645, "label": "KNOWS", "end_id": 844424930132019, "start_id": 844424930131969, "properties": {}}::edge, {"id": 844424930132019, "label": "N", "properties": {"id": 50}}::vertex, {"id": 1125899906842646, "label": "KNOWS", "end_id": 844424930132020, "start_id": 844424930132019, "properties": {}}::edge, {"id": 844424930132020, "label": "N", "properties": {"id": 51}}::vertex, {"id": 1125899906842647, "label": "KNOWS", "end_id": 844424930132021, "start_id": 844424930132020, "properties": {}}::edge, {"id": 844424930132021, "label": "N", "properties": {"id": 52}}::vertex, {"id": 1125899906842648, "label": "KNOWS", "end_id": 844424930132022, "start_id": 844424930132021, "properties": {}}::edge, {"id": 844424930132022, "label": "N", "properties": {"id": 53}}::vertex, {"id": 1125899906842649, "label": "KNOWS", "end_id": 844424930132023, "start_id": 844424930132022, "properties": {}}::edge, {"id": 844424930132023, "label": "N", "properties": {"id": 54}}::vertex, {"id": 1125899906842650, "label": "KNOWS", "end_id": 844424930132024, "start_id": 844424930132023, "properties": {}}::edge, {"id": 844424930132024, "label": "N", "properties": {"id": 55}}::vertex, {"id": 1125899906842651, "label": "KNOWS", "end_id": 844424930132025, "start_id": 844424930132024, "properties": {}}::edge, {"id": 844424930132025, "label": "N", "properties": {"id": 56}}::vertex, {"id": 1125899906842652, "label": "KNOWS", "end_id": 844424930132026, "start_id": 844424930132025, "properties": {}}::edge, {"id": 844424930132026, "label": "N", "properties": {"id": 57}}::vertex, {"id": 1125899906842653, "label": "KNOWS", "end_id": 844424930132027, "start_id": 844424930132026, "properties": {}}::edge, {"id": 844424930132027, "label": "N", "properties": {"id": 58}}::vertex, {"id": 1125899906842654, "label": "KNOWS", "end_id": 844424930132028, "start_id": 844424930132027, "properties": {}}::edge, {"id": 844424930132028, "label": "N", "properties": {"id": 59}}::vertex, {"id": 1125899906842655, "label": "KNOWS", "end_id": 844424930132029, "start_id": 844424930132028, "properties": {}}::edge, {"id": 844424930132029, "label": "N", "properties": {"id": 60}}::vertex, {"id": 1125899906842656, "label": "KNOWS", "end_id": 844424930132030, "start_id": 844424930132029, "properties": {}}::edge, {"id": 844424930132030, "label": "N", "properties": {"id": 61}}::vertex, {"id": 1125899906842657, "label": "KNOWS", "end_id": 844424930132031, "start_id": 844424930132030, "properties": {}}::edge, {"id": 844424930132031, "label": "N", "properties": {"id": 62}}::vertex, {"id": 1125899906842658, "label": "KNOWS", "end_id": 844424930132032, "start_id": 844424930132031, "properties": {}}::edge, {"id": 844424930132032, "label": "N", "properties": {"id": 63}}::vertex, {"id": 1125899906842659, "label": "KNOWS", "end_id": 844424930132033, "start_id": 844424930132032, "properties": {}}::edge, {"id": 844424930132033, "label": "N", "properties": {"id": 64}}::vertex, {"id": 1125899906842660, "label": "KNOWS", "end_id": 844424930132034, "start_id": 844424930132033, "properties": {}}::edge, {"id": 844424930132034, "label": "N", "properties": {"id": 65}}::vertex, {"id": 1125899906842661, "label": "KNOWS", "end_id": 844424930132035, "start_id": 844424930132034, "properties": {}}::edge, {"id": 844424930132035, "label": "N", "properties": {"id": 66}}::vertex, {"id": 1125899906842662, "label": "KNOWS", "end_id": 844424930132036, "start_id": 844424930132035, "properties": {}}::edge, {"id": 844424930132036, "label": "N", "properties": {"id": 67}}::vertex, {"id": 1125899906842663, "label": "KNOWS", "end_id": 844424930132037, "start_id": 844424930132036, "properties": {}}::edge, {"id": 844424930132037, "label": "N", "properties": {"id": 68}}::vertex, {"id": 1125899906842664, "label": "KNOWS", "end_id": 844424930131989, "start_id": 844424930132037, "properties": {}}::edge, {"id": 844424930131989, "label": "N", "properties": {"id": 20}}::vertex]::path
(2 rows)

-- any label: the LIKES shortcut collapses 0 -> 20; expected: path_count = 1
SELECT count(*) AS path_count
FROM age_all_shortest_paths(
    '"sp_big"'::agtype,
    (SELECT id FROM cypher('sp_big', $$ MATCH (n:N {id: 0})  RETURN id(n) $$) AS (id agtype)),
    (SELECT id FROM cypher('sp_big', $$ MATCH (n:N {id: 20}) RETURN id(n) $$) AS (id agtype)),
    NULL, '"out"'::agtype
);
 path_count 
------------
          1
(1 row)

-- all shortest 70 -> 78 across the 3x3 lattice; expected: path_count = 6 (C(4,2))
SELECT count(*) AS path_count
FROM age_all_shortest_paths(
    '"sp_big"'::agtype,
    (SELECT id FROM cypher('sp_big', $$ MATCH (n:N {id: 70}) RETURN id(n) $$) AS (id agtype)),
    (SELECT id FROM cypher('sp_big', $$ MATCH (n:N {id: 78}) RETURN id(n) $$) AS (id agtype)),
    '"KNOWS"'::agtype, '"out"'::agtype
);
 path_count 
------------
          6
(1 row)

-- the lattice paths listed; expected: 6 paths, each 4 hops
SELECT path
FROM age_all_shortest_paths(
    '"sp_big"'::agtype,
    (SELECT id FROM cypher('sp_big', $$ MATCH (n:N {id: 70}) RETURN id(n) $$) AS (id agtype)),
    (SELECT id FROM cypher('sp_big', $$ MATCH (n:N {id: 78}) RETURN id(n) $$) AS (id agtype)),
    '"KNOWS"'::agtype, '"out"'::agtype
) AS path
ORDER BY path;
                                                                                                                                                                                                                                                                                                                                                                                                                                                path                                                                                                                                                                                                                                                                                                                                                                                                                                                 
-----------------------------------------------------------------------------------------------------------------------------------------------------------------------------------------------------------------------------------------------------------------------------------------------------------------------------------------------------------------------------------------------------------------------------------------------------------------------------------------------------------------------------------------------------------------------------------------------------------------------------------------------------------------------------------------------------------------------------------------------------------------------------------------------------------------------------------------------------------------------------------------------------
 [{"id": 844424930132039, "label": "N", "properties": {"id": 70}}::vertex, {"id": 1125899906842665, "label": "KNOWS", "end_id": 844424930132040, "start_id": 844424930132039, "properties": {}}::edge, {"id": 844424930132040, "label": "N", "properties": {"id": 71}}::vertex, {"id": 1125899906842666, "label": "KNOWS", "end_id": 844424930132041, "start_id": 844424930132040, "properties": {}}::edge, {"id": 844424930132041, "label": "N", "properties": {"id": 72}}::vertex, {"id": 1125899906842673, "label": "KNOWS", "end_id": 844424930132044, "start_id": 844424930132041, "properties": {}}::edge, {"id": 844424930132044, "label": "N", "properties": {"id": 75}}::vertex, {"id": 1125899906842676, "label": "KNOWS", "end_id": 844424930132047, "start_id": 844424930132044, "properties": {}}::edge, {"id": 844424930132047, "label": "N", "properties": {"id": 78}}::vertex]::path
 [{"id": 844424930132039, "label": "N", "properties": {"id": 70}}::vertex, {"id": 1125899906842665, "label": "KNOWS", "end_id": 844424930132040, "start_id": 844424930132039, "properties": {}}::edge, {"id": 844424930132040, "label": "N", "properties": {"id": 71}}::vertex, {"id": 1125899906842672, "label": "KNOWS", "end_id": 844424930132043, "start_id": 844424930132040, "properties": {}}::edge, {"id": 844424930132043, "label": "N", "properties": {"id": 74}}::vertex, {"id": 1125899906842668, "label": "KNOWS", "end_id": 844424930132044, "start_id": 844424930132043, "properties": {}}::edge, {"id": 844424930132044, "label": "N", "properties": {"id": 75}}::vertex, {"id": 1125899906842676, "label": "KNOWS", "end_id": 844424930132047, "start_id": 844424930132044, "properties": {}}::edge, {"id": 844424930132047, "label": "N", "properties": {"id": 78}}::vertex]::path
 [{"id": 844424930132039, "label": "N", "properties": {"id": 70}}::vertex, {"id": 1125899906842665, "label": "KNOWS", "end_id": 844424930132040, "start_id": 844424930132039, "properties": {}}::edge, {"id": 844424930132040, "label": "N", "properties": {"id": 71}}::vertex, {"id": 1125899906842672, "label": "KNOWS", "end_id": 844424930132043, "start_id": 844424930132040, "properties": {}}::edge, {"id": 844424930132043, "label": "N", "properties": {"id": 74}}::vertex, {"id": 1125899906842675, "label": "KNOWS", "end_id": 844424930132046, "start_id": 844424930132043, "properties": {}}::edge, {"id": 844424930132046, "label": "N", "properties": {"id": 77}}::vertex, {"id": 1125899906842670, "label": "KNOWS", "end_id": 844424930132047, "start_id": 844424930132046, "properties": {}}::edge, {"id": 844424930132047, "label": "N", "properties": {"id": 78}}::vertex]::path
 [{"id": 844424930132039, "label": "N", "properties": {"id": 70}}::vertex, {"id": 1125899906842671, "label": "KNOWS", "end_id": 844424930132042, "start_id": 844424930132039, "properties": {}}::edge, {"id": 844424930132042, "label": "N", "properties": {"id": 73}}::vertex, {"id": 1125899906842667, "label": "KNOWS", "end_id": 844424930132043, "start_id": 844424930132042, "properties": {}}::edge, {"id": 844424930132043, "label": "N", "properties": {"id": 74}}::vertex, {"id": 1125899906842668, "label": "KNOWS", "end_id": 844424930132044, "start_id": 844424930132043, "properties": {}}::edge, {"id": 844424930132044, "label": "N", "properties": {"id": 75}}::vertex, {"id": 1125899906842676, "label": "KNOWS", "end_id": 844424930132047, "start_id": 844424930132044, "properties": {}}::edge, {"id": 844424930132047, "label": "N", "properties": {"id": 78}}::vertex]::path
 [{"id": 844424930132039, "label": "N", "properties": {"id": 70}}::vertex, {"id": 1125899906842671, "label": "KNOWS", "end_id": 844424930132042, "start_id": 844424930132039, "properties": {}}::edge, {"id": 844424930132042, "label": "N", "properties": {"id": 73}}::vertex, {"id": 1125899906842667, "label": "KNOWS", "end_id": 844424930132043, "start_id": 844424930132042, "properties": {}}::edge, {"id": 844424930132043, "label": "N", "properties": {"id": 74}}::vertex, {"id": 1125899906842675, "label": "KNOWS", "end_id": 844424930132046, "start_id": 844424930132043, "properties": {}}::edge, {"id": 844424930132046, "label": "N", "properties": {"id": 77}}::vertex, {"id": 1125899906842670, "label": "KNOWS", "end_id": 844424930132047, "start_id": 844424930132046, "properties": {}}::edge, {"id": 844424930132047, "label": "N", "properties": {"id": 78}}::vertex]::path
 [{"id": 844424930132039, "label": "N", "properties": {"id": 70}}::vertex, {"id": 1125899906842671, "label": "KNOWS", "end_id": 844424930132042, "start_id": 844424930132039, "properties": {}}::edge, {"id": 844424930132042, "label": "N", "properties": {"id": 73}}::vertex, {"id": 1125899906842674, "label": "KNOWS", "end_id": 844424930132045, "start_id": 844424930132042, "properties": {}}::edge, {"id": 844424930132045, "label": "N", "properties": {"id": 76}}::vertex, {"id": 1125899906842669, "label": "KNOWS", "end_id": 844424930132046, "start_id": 844424930132045, "properties": {}}::edge, {"id": 844424930132046, "label": "N", "properties": {"id": 77}}::vertex, {"id": 1125899906842670, "label": "KNOWS", "end_id": 844424930132047, "start_id": 844424930132046, "properties": {}}::edge, {"id": 844424930132047, "label": "N", "properties": {"id": 78}}::vertex]::path
(6 rows)

-- max_hops = 19, one short of the 20-hop route; expected: path_count = 0
SELECT count(*) AS path_count
FROM age_shortest_path(
    '"sp_big"'::agtype,
    (SELECT id FROM cypher('sp_big', $$ MATCH (n:N {id: 0})  RETURN id(n) $$) AS (id agtype)),
    (SELECT id FROM cypher('sp_big', $$ MATCH (n:N {id: 20}) RETURN id(n) $$) AS (id agtype)),
    '"KNOWS"'::agtype, '"out"'::agtype, NULL, 19::agtype
);
 path_count 
------------
          0
(1 row)

-- max_hops = 20 admits the full route; expected: path_count = 2
SELECT count(*) AS path_count
FROM age_all_shortest_paths(
    '"sp_big"'::agtype,
    (SELECT id FROM cypher('sp_big', $$ MATCH (n:N {id: 0})  RETURN id(n) $$) AS (id agtype)),
    (SELECT id FROM cypher('sp_big', $$ MATCH (n:N {id: 20}) RETURN id(n) $$) AS (id agtype)),
    '"KNOWS"'::agtype, '"out"'::agtype, NULL, 20::agtype
);
 path_count 
------------
          2
(1 row)

-- DIRECTED out: 0 -> 95 must traverse 0->96->95; expected: 1 path (length 2)
SELECT path
FROM age_shortest_path(
    '"sp_big"'::agtype,
    (SELECT id FROM cypher('sp_big', $$ MATCH (n:N {id: 0})  RETURN id(n) $$) AS (id agtype)),
    (SELECT id FROM cypher('sp_big', $$ MATCH (n:N {id: 95}) RETURN id(n) $$) AS (id agtype)),
    NULL, '"out"'::agtype
) AS path
ORDER BY path;
                                                                                                                                                                                                                                           path                                                                                                                                                                                                                                           
------------------------------------------------------------------------------------------------------------------------------------------------------------------------------------------------------------------------------------------------------------------------------------------------------------------------------------------------------------------------------------------------------------------------------------------------------------------------------------------
 [{"id": 844424930131969, "label": "N", "properties": {"id": 0}}::vertex, {"id": 1125899906842677, "label": "KNOWS", "end_id": 844424930132065, "start_id": 844424930131969, "properties": {}}::edge, {"id": 844424930132065, "label": "N", "properties": {"id": 96}}::vertex, {"id": 1125899906842678, "label": "KNOWS", "end_id": 844424930132064, "start_id": 844424930132065, "properties": {}}::edge, {"id": 844424930132064, "label": "N", "properties": {"id": 95}}::vertex]::path
(1 row)

-- UNDIRECTED: 0 .. 95 via the 95->0 back edge; expected: 1 path (length 1)
SELECT path
FROM age_shortest_path(
    '"sp_big"'::agtype,
    (SELECT id FROM cypher('sp_big', $$ MATCH (n:N {id: 0})  RETURN id(n) $$) AS (id agtype)),
    (SELECT id FROM cypher('sp_big', $$ MATCH (n:N {id: 95}) RETURN id(n) $$) AS (id agtype))
) AS path
ORDER BY path;
                                                                                                                                        path                                                                                                                                         
-------------------------------------------------------------------------------------------------------------------------------------------------------------------------------------------------------------------------------------------------------------------------------------
 [{"id": 844424930131969, "label": "N", "properties": {"id": 0}}::vertex, {"id": 1125899906842679, "label": "KNOWS", "end_id": 844424930131969, "start_id": 844424930132064, "properties": {}}::edge, {"id": 844424930132064, "label": "N", "properties": {"id": 95}}::vertex]::path
(1 row)

-- DIRECTED out: 78 -> 70 against lattice flow; expected: path_count = 0
SELECT count(*) AS path_count
FROM age_shortest_path(
    '"sp_big"'::agtype,
    (SELECT id FROM cypher('sp_big', $$ MATCH (n:N {id: 78}) RETURN id(n) $$) AS (id agtype)),
    (SELECT id FROM cypher('sp_big', $$ MATCH (n:N {id: 70}) RETURN id(n) $$) AS (id agtype)),
    NULL, '"out"'::agtype
);
 path_count 
------------
          0
(1 row)

-- UNDIRECTED: 78 .. 70 reverses the lattice; expected: path_count = 6
SELECT count(*) AS path_count
FROM age_all_shortest_paths(
    '"sp_big"'::agtype,
    (SELECT id FROM cypher('sp_big', $$ MATCH (n:N {id: 78}) RETURN id(n) $$) AS (id agtype)),
    (SELECT id FROM cypher('sp_big', $$ MATCH (n:N {id: 70}) RETURN id(n) $$) AS (id agtype))
);
 path_count 
------------
          6
(1 row)

-- isolated id 119 unreachable from 0; expected: path_count = 0
SELECT count(*) AS path_count
FROM age_shortest_path(
    '"sp_big"'::agtype,
    (SELECT id FROM cypher('sp_big', $$ MATCH (n:N {id: 0})   RETURN id(n) $$) AS (id agtype)),
    (SELECT id FROM cypher('sp_big', $$ MATCH (n:N {id: 119}) RETURN id(n) $$) AS (id agtype))
);
 path_count 
------------
          0
(1 row)

-- zero-length path, start == end; expected: path_count = 1
SELECT count(*) AS path_count
FROM age_shortest_path(
    '"sp_big"'::agtype,
    (SELECT id FROM cypher('sp_big', $$ MATCH (n:N {id: 0}) RETURN id(n) $$) AS (id agtype)),
    (SELECT id FROM cypher('sp_big', $$ MATCH (n:N {id: 0}) RETURN id(n) $$) AS (id agtype))
);
 path_count 
------------
          1
(1 row)

-- cleanup
SELECT * FROM drop_graph('sp_big', true);
NOTICE:  drop cascades to 5 other objects
DETAIL:  drop cascades to table sp_big._ag_label_vertex
drop cascades to table sp_big._ag_label_edge
drop cascades to table sp_big."N"
drop cascades to table sp_big."KNOWS"
drop cascades to table sp_big."LIKES"
NOTICE:  graph "sp_big" has been dropped
 drop_graph 
------------
 
(1 row)

--
-- Calling the age_* SRFs from inside cypher() (Tier 1).
--
-- Because the functions are prefixed with age_, the cypher() parser resolves
-- the unqualified names 'shortest_path' and 'all_shortest_paths' to
-- ag_catalog.age_shortest_path / ag_catalog.age_all_shortest_paths, and the
-- graph name is auto-injected as the first argument (like vle/vertex_stats),
-- so callers pass only the bound endpoints. A whole vertex implicitly casts to
-- agtype, so the argument types resolve. The SRFs are set-returning and now
-- work in a cypher RETURN projection (ProjectSet), returning one row per path.
--
SELECT * FROM create_graph('sp_cy');
NOTICE:  graph "sp_cy" has been created
 create_graph 
--------------
 
(1 row)

SELECT * FROM cypher('sp_cy', $$
    CREATE (a:N {name: 'A'}),
           (b:N {name: 'B'}),
           (c:N {name: 'C'}),
           (a)-[:KNOWS]->(b),
           (b)-[:KNOWS]->(c)
$$) AS (result agtype);
 result 
--------
(0 rows)

-- materialize the global graph context
SELECT * FROM cypher('sp_cy', $$ MATCH (u) RETURN vertex_stats(u) ORDER BY id(u) $$)
    AS (result agtype);
                                         result                                          
-----------------------------------------------------------------------------------------
 {"id": 844424930131969, "label": "N", "in_degree": 0, "out_degree": 1, "self_loops": 0}
 {"id": 844424930131970, "label": "N", "in_degree": 1, "out_degree": 1, "self_loops": 0}
 {"id": 844424930131971, "label": "N", "in_degree": 1, "out_degree": 0, "self_loops": 0}
(3 rows)

-- shortest_path() inside a cypher RETURN; the graph name is auto-injected and
-- the bound vertices are passed; expected: 1 path A..C (length 2)
SELECT * FROM cypher('sp_cy', $$
    MATCH (a:N {name:'A'}), (c:N {name:'C'})
    RETURN shortest_path(a, c)
$$) AS (path agtype);
                                                                                                                                                                                                                                                path                                                                                                                                                                                                                                                
----------------------------------------------------------------------------------------------------------------------------------------------------------------------------------------------------------------------------------------------------------------------------------------------------------------------------------------------------------------------------------------------------------------------------------------------------------------------------------------------------
 [{"id": 844424930131969, "label": "N", "properties": {"name": "A"}}::vertex, {"id": 1125899906842625, "label": "KNOWS", "end_id": 844424930131970, "start_id": 844424930131969, "properties": {}}::edge, {"id": 844424930131970, "label": "N", "properties": {"name": "B"}}::vertex, {"id": 1125899906842626, "label": "KNOWS", "end_id": 844424930131971, "start_id": 844424930131970, "properties": {}}::edge, {"id": 844424930131971, "label": "N", "properties": {"name": "C"}}::vertex]::path
(1 row)

-- all_shortest_paths() inside a cypher RETURN; expected: 1 path A..C (length 2)
SELECT * FROM cypher('sp_cy', $$
    MATCH (a:N {name:'A'}), (c:N {name:'C'})
    RETURN all_shortest_paths(a, c)
$$) AS (path agtype);
                                                                                                                                                                                                                                                path                                                                                                                                                                                                                                                
----------------------------------------------------------------------------------------------------------------------------------------------------------------------------------------------------------------------------------------------------------------------------------------------------------------------------------------------------------------------------------------------------------------------------------------------------------------------------------------------------
 [{"id": 844424930131969, "label": "N", "properties": {"name": "A"}}::vertex, {"id": 1125899906842625, "label": "KNOWS", "end_id": 844424930131970, "start_id": 844424930131969, "properties": {}}::edge, {"id": 844424930131970, "label": "N", "properties": {"name": "B"}}::vertex, {"id": 1125899906842626, "label": "KNOWS", "end_id": 844424930131971, "start_id": 844424930131970, "properties": {}}::edge, {"id": 844424930131971, "label": "N", "properties": {"name": "C"}}::vertex]::path
(1 row)

-- in-cypher with an explicit edge-label filter; expected: 1 path A..C (length 2)
SELECT * FROM cypher('sp_cy', $$
    MATCH (a:N {name:'A'}), (c:N {name:'C'})
    RETURN shortest_path(a, c, 'KNOWS')
$$) AS (path agtype);
                                                                                                                                                                                                                                                path                                                                                                                                                                                                                                                
----------------------------------------------------------------------------------------------------------------------------------------------------------------------------------------------------------------------------------------------------------------------------------------------------------------------------------------------------------------------------------------------------------------------------------------------------------------------------------------------------
 [{"id": 844424930131969, "label": "N", "properties": {"name": "A"}}::vertex, {"id": 1125899906842625, "label": "KNOWS", "end_id": 844424930131970, "start_id": 844424930131969, "properties": {}}::edge, {"id": 844424930131970, "label": "N", "properties": {"name": "B"}}::vertex, {"id": 1125899906842626, "label": "KNOWS", "end_id": 844424930131971, "start_id": 844424930131970, "properties": {}}::edge, {"id": 844424930131971, "label": "N", "properties": {"name": "C"}}::vertex]::path
(1 row)

-- still supported: call the SRF at the top level; expected: 1 path A..C (length 2)
SELECT path
FROM age_shortest_path(
    '"sp_cy"'::agtype,
    (SELECT id FROM cypher('sp_cy', $$ MATCH (n {name:'A'}) RETURN id(n) $$) AS (id agtype)),
    (SELECT id FROM cypher('sp_cy', $$ MATCH (n {name:'C'}) RETURN id(n) $$) AS (id agtype))
) AS path
ORDER BY path;
                                                                                                                                                                                                                                                path                                                                                                                                                                                                                                                
----------------------------------------------------------------------------------------------------------------------------------------------------------------------------------------------------------------------------------------------------------------------------------------------------------------------------------------------------------------------------------------------------------------------------------------------------------------------------------------------------
 [{"id": 844424930131969, "label": "N", "properties": {"name": "A"}}::vertex, {"id": 1125899906842625, "label": "KNOWS", "end_id": 844424930131970, "start_id": 844424930131969, "properties": {}}::edge, {"id": 844424930131970, "label": "N", "properties": {"name": "B"}}::vertex, {"id": 1125899906842626, "label": "KNOWS", "end_id": 844424930131971, "start_id": 844424930131970, "properties": {}}::edge, {"id": 844424930131971, "label": "N", "properties": {"name": "C"}}::vertex]::path
(1 row)

-- cleanup
SELECT * FROM drop_graph('sp_cy', true);
NOTICE:  drop cascades to 4 other objects
DETAIL:  drop cascades to table sp_cy._ag_label_vertex
drop cascades to table sp_cy._ag_label_edge
drop cascades to table sp_cy."N"
drop cascades to table sp_cy."KNOWS"
NOTICE:  graph "sp_cy" has been dropped
 drop_graph 
------------
 
(1 row)

--
-- Edge cases: parallel/multi-edges, self-loops, unknown edge labels,
-- max_hops boundaries (0 and negative), explicit 'any' direction, and
-- NULL / unknown-graph argument errors.
--
SELECT * FROM create_graph('sp_edge');
NOTICE:  graph "sp_edge" has been created
 create_graph 
--------------
 
(1 row)

-- A and B are connected by TWO parallel KNOWS edges plus one LIKES edge.
-- B->C is a single KNOWS edge. S has a self-loop. These exercise the
-- multi-predecessor (parallel edge) logic and the label filter.
SELECT * FROM cypher('sp_edge', $$
    CREATE (a:N {name: 'A'}),
           (b:N {name: 'B'}),
           (c:N {name: 'C'}),
           (s:N {name: 'S'}),
           (a)-[:KNOWS]->(b),
           (a)-[:KNOWS]->(b),
           (a)-[:LIKES]->(b),
           (b)-[:KNOWS]->(c),
           (s)-[:KNOWS]->(s)
$$) AS (result agtype);
 result 
--------
(0 rows)

-- materialize the global graph context
SELECT * FROM cypher('sp_edge', $$ MATCH (u) RETURN vertex_stats(u) ORDER BY id(u) $$)
    AS (result agtype);
                                         result                                          
-----------------------------------------------------------------------------------------
 {"id": 844424930131969, "label": "N", "in_degree": 0, "out_degree": 3, "self_loops": 0}
 {"id": 844424930131970, "label": "N", "in_degree": 3, "out_degree": 1, "self_loops": 0}
 {"id": 844424930131971, "label": "N", "in_degree": 1, "out_degree": 0, "self_loops": 0}
 {"id": 844424930131972, "label": "N", "in_degree": 1, "out_degree": 1, "self_loops": 1}
(4 rows)

-- parallel edges: two distinct KNOWS edges A->B are two distinct shortest
-- paths; expected count 2
SELECT count(*) FROM age_all_shortest_paths(
    '"sp_edge"'::agtype,
    (SELECT id FROM cypher('sp_edge', $$ MATCH (n {name:'A'}) RETURN id(n) $$) AS (id agtype)),
    (SELECT id FROM cypher('sp_edge', $$ MATCH (n {name:'B'}) RETURN id(n) $$) AS (id agtype)),
    '"KNOWS"'::agtype, '"out"'::agtype);
 count 
-------
     2
(1 row)

-- no label filter: 2 KNOWS + 1 LIKES edge A->B are three distinct shortest
-- paths; expected count 3
SELECT count(*) FROM age_all_shortest_paths(
    '"sp_edge"'::agtype,
    (SELECT id FROM cypher('sp_edge', $$ MATCH (n {name:'A'}) RETURN id(n) $$) AS (id agtype)),
    (SELECT id FROM cypher('sp_edge', $$ MATCH (n {name:'B'}) RETURN id(n) $$) AS (id agtype)),
    NULL::agtype, '"out"'::agtype);
 count 
-------
     3
(1 row)

-- single shortest path A->B picks exactly one of the parallel edges; count 1
SELECT count(*) FROM age_shortest_path(
    '"sp_edge"'::agtype,
    (SELECT id FROM cypher('sp_edge', $$ MATCH (n {name:'A'}) RETURN id(n) $$) AS (id agtype)),
    (SELECT id FROM cypher('sp_edge', $$ MATCH (n {name:'B'}) RETURN id(n) $$) AS (id agtype)));
 count 
-------
     1
(1 row)

-- self-loop: a vertex with an edge to itself yields only the zero-length
-- path for start == end (the self-loop is never used); count 1
SELECT count(*) FROM age_shortest_path(
    '"sp_edge"'::agtype,
    (SELECT id FROM cypher('sp_edge', $$ MATCH (n {name:'S'}) RETURN id(n) $$) AS (id agtype)),
    (SELECT id FROM cypher('sp_edge', $$ MATCH (n {name:'S'}) RETURN id(n) $$) AS (id agtype)));
 count 
-------
     1
(1 row)

-- all_shortest_paths with start == end (existing vertex): one zero-length
-- path; count 1
SELECT count(*) FROM age_all_shortest_paths(
    '"sp_edge"'::agtype,
    (SELECT id FROM cypher('sp_edge', $$ MATCH (n {name:'S'}) RETURN id(n) $$) AS (id agtype)),
    (SELECT id FROM cypher('sp_edge', $$ MATCH (n {name:'S'}) RETURN id(n) $$) AS (id agtype)));
 count 
-------
     1
(1 row)

-- unknown relationship type matches no edges: A..C filtered by a label that
-- does not exist must return no path (NOT silently fall back to all edges);
-- count 0
SELECT count(*) FROM age_shortest_path(
    '"sp_edge"'::agtype,
    (SELECT id FROM cypher('sp_edge', $$ MATCH (n {name:'A'}) RETURN id(n) $$) AS (id agtype)),
    (SELECT id FROM cypher('sp_edge', $$ MATCH (n {name:'C'}) RETURN id(n) $$) AS (id agtype)),
    '"NOSUCHLABEL"'::agtype, '"out"'::agtype);
 count 
-------
     0
(1 row)

SELECT count(*) FROM age_all_shortest_paths(
    '"sp_edge"'::agtype,
    (SELECT id FROM cypher('sp_edge', $$ MATCH (n {name:'A'}) RETURN id(n) $$) AS (id agtype)),
    (SELECT id FROM cypher('sp_edge', $$ MATCH (n {name:'C'}) RETURN id(n) $$) AS (id agtype)),
    '"NOSUCHLABEL"'::agtype, '"out"'::agtype);
 count 
-------
     0
(1 row)

-- the zero-length (start == end) path has no edges, so an unknown label
-- still matches it; count 1
SELECT count(*) FROM age_shortest_path(
    '"sp_edge"'::agtype,
    (SELECT id FROM cypher('sp_edge', $$ MATCH (n {name:'S'}) RETURN id(n) $$) AS (id agtype)),
    (SELECT id FROM cypher('sp_edge', $$ MATCH (n {name:'S'}) RETURN id(n) $$) AS (id agtype)),
    '"NOSUCHLABEL"'::agtype, '"out"'::agtype);
 count 
-------
     1
(1 row)

-- existing label that does not connect the endpoints: LIKES only exists on
-- A->B, so A..C filtered by LIKES is unreachable; count 0
SELECT count(*) FROM age_shortest_path(
    '"sp_edge"'::agtype,
    (SELECT id FROM cypher('sp_edge', $$ MATCH (n {name:'A'}) RETURN id(n) $$) AS (id agtype)),
    (SELECT id FROM cypher('sp_edge', $$ MATCH (n {name:'C'}) RETURN id(n) $$) AS (id agtype)),
    '"LIKES"'::agtype, '"out"'::agtype);
 count 
-------
     0
(1 row)

-- max_hops = 0 with start == end: the zero-length path is still returned;
-- count 1
SELECT count(*) FROM age_shortest_path(
    '"sp_edge"'::agtype,
    (SELECT id FROM cypher('sp_edge', $$ MATCH (n {name:'A'}) RETURN id(n) $$) AS (id agtype)),
    (SELECT id FROM cypher('sp_edge', $$ MATCH (n {name:'A'}) RETURN id(n) $$) AS (id agtype)),
    NULL::agtype, NULL::agtype, NULL::agtype, '0'::agtype);
 count 
-------
     1
(1 row)

-- max_hops = 0 with adjacent distinct endpoints: no path within zero hops;
-- count 0
SELECT count(*) FROM age_shortest_path(
    '"sp_edge"'::agtype,
    (SELECT id FROM cypher('sp_edge', $$ MATCH (n {name:'A'}) RETURN id(n) $$) AS (id agtype)),
    (SELECT id FROM cypher('sp_edge', $$ MATCH (n {name:'B'}) RETURN id(n) $$) AS (id agtype)),
    NULL::agtype, NULL::agtype, NULL::agtype, '0'::agtype);
 count 
-------
     0
(1 row)

-- negative max_hops is treated as unbounded: A..C (length 2) is found;
-- count 1
SELECT count(*) FROM age_shortest_path(
    '"sp_edge"'::agtype,
    (SELECT id FROM cypher('sp_edge', $$ MATCH (n {name:'A'}) RETURN id(n) $$) AS (id agtype)),
    (SELECT id FROM cypher('sp_edge', $$ MATCH (n {name:'C'}) RETURN id(n) $$) AS (id agtype)),
    NULL::agtype, NULL::agtype, NULL::agtype, '-1'::agtype);
 count 
-------
     1
(1 row)

-- explicit 'any' direction string (vs the default NULL == undirected);
-- two parallel KNOWS edges A->B give two shortest paths; count 2
SELECT count(*) FROM age_all_shortest_paths(
    '"sp_edge"'::agtype,
    (SELECT id FROM cypher('sp_edge', $$ MATCH (n {name:'A'}) RETURN id(n) $$) AS (id agtype)),
    (SELECT id FROM cypher('sp_edge', $$ MATCH (n {name:'B'}) RETURN id(n) $$) AS (id agtype)),
    '"KNOWS"'::agtype, '"any"'::agtype);
 count 
-------
     2
(1 row)

-- NULL start (or end) vertex yields no rows (Cypher null semantics: a null
-- endpoint simply produces no match, it is not an error); count 0
SELECT count(*) FROM age_shortest_path(
    '"sp_edge"'::agtype,
    NULL::agtype,
    (SELECT id FROM cypher('sp_edge', $$ MATCH (n {name:'B'}) RETURN id(n) $$) AS (id agtype)));
 count 
-------
     0
(1 row)

-- NULL end vertex likewise yields no rows; count 0
SELECT count(*) FROM age_shortest_path(
    '"sp_edge"'::agtype,
    (SELECT id FROM cypher('sp_edge', $$ MATCH (n {name:'A'}) RETURN id(n) $$) AS (id agtype)),
    NULL::agtype);
 count 
-------
     0
(1 row)

-- all_shortest_paths with a NULL endpoint also yields no rows; count 0
SELECT count(*) FROM age_all_shortest_paths(
    '"sp_edge"'::agtype,
    (SELECT id FROM cypher('sp_edge', $$ MATCH (n {name:'A'}) RETURN id(n) $$) AS (id agtype)),
    NULL::agtype);
 count 
-------
     0
(1 row)

-- a single relationship type may be passed as a one-element array; expected:
-- same as the bare-string form, A..C under KNOWS (length 2); count 1
SELECT count(*) FROM age_shortest_path(
    '"sp_edge"'::agtype,
    (SELECT id FROM cypher('sp_edge', $$ MATCH (n {name:'A'}) RETURN id(n) $$) AS (id agtype)),
    (SELECT id FROM cypher('sp_edge', $$ MATCH (n {name:'C'}) RETURN id(n) $$) AS (id agtype)),
    '["KNOWS"]'::agtype, '"out"'::agtype);
 count 
-------
     1
(1 row)

-- multiple relationship types are not yet supported; expected: ERROR
SELECT count(*) FROM age_shortest_path(
    '"sp_edge"'::agtype,
    (SELECT id FROM cypher('sp_edge', $$ MATCH (n {name:'A'}) RETURN id(n) $$) AS (id agtype)),
    (SELECT id FROM cypher('sp_edge', $$ MATCH (n {name:'C'}) RETURN id(n) $$) AS (id agtype)),
    '["KNOWS", "LIKES"]'::agtype, '"out"'::agtype);
ERROR:  age_shortest_path: multiple relationship types are not yet supported
-- a non-zero minimum hop count is not yet supported; expected: ERROR
SELECT count(*) FROM age_shortest_path(
    '"sp_edge"'::agtype,
    (SELECT id FROM cypher('sp_edge', $$ MATCH (n {name:'A'}) RETURN id(n) $$) AS (id agtype)),
    (SELECT id FROM cypher('sp_edge', $$ MATCH (n {name:'C'}) RETURN id(n) $$) AS (id agtype)),
    '"KNOWS"'::agtype, '"out"'::agtype, 2::agtype);
ERROR:  age_shortest_path: a minimum hop count is not yet supported
-- a minimum hop count of 0 is the default and is accepted; A..C (length 2);
-- count 1
SELECT count(*) FROM age_shortest_path(
    '"sp_edge"'::agtype,
    (SELECT id FROM cypher('sp_edge', $$ MATCH (n {name:'A'}) RETURN id(n) $$) AS (id agtype)),
    (SELECT id FROM cypher('sp_edge', $$ MATCH (n {name:'C'}) RETURN id(n) $$) AS (id agtype)),
    '"KNOWS"'::agtype, '"out"'::agtype, 0::agtype);
 count 
-------
     1
(1 row)

-- a graph name that does not exist is an error
SELECT count(*) FROM age_shortest_path('"no_such_graph"'::agtype, '1'::agtype, '2'::agtype);
ERROR:  schema "no_such_graph" does not exist
-- cleanup
SELECT * FROM drop_graph('sp_edge', true);
NOTICE:  drop cascades to 5 other objects
DETAIL:  drop cascades to table sp_edge._ag_label_vertex
drop cascades to table sp_edge._ag_label_edge
drop cascades to table sp_edge."N"
drop cascades to table sp_edge."KNOWS"
drop cascades to table sp_edge."LIKES"
NOTICE:  graph "sp_edge" has been dropped
 drop_graph 
------------
 
(1 row)

