/*
 * Licensed to the Apache Software Foundation (ASF) under one
 * or more contributor license agreements.  See the NOTICE file
 * distributed with this work for additional information
 * regarding copyright ownership.  The ASF licenses this file
 * to you under the Apache License, Version 2.0 (the
 * "License"); you may not use this file except in compliance
 * with the License.  You may obtain a copy of the License at
 *
 * http://www.apache.org/licenses/LICENSE-2.0
 *
 * Unless required by applicable law or agreed to in writing,
 * software distributed under the License is distributed on an
 * "AS IS" BASIS, WITHOUT WARRANTIES OR CONDITIONS OF ANY
 * KIND, either express or implied.  See the License for the
 * specific language governing permissions and limitations
 * under the License.
 */
LOAD 'age';
SET search_path TO ag_catalog;
SELECT create_graph('predicate_functions');
NOTICE:  graph "predicate_functions" has been created
 create_graph 
--------------
 
(1 row)

--
-- all() predicate function
--
-- all elements satisfy predicate -> true
SELECT * FROM cypher('predicate_functions', $$
    RETURN all(x IN [1, 2, 3] WHERE x > 0)
$$) AS (result agtype);
 result 
--------
 true
(1 row)

-- not all elements satisfy predicate -> false
SELECT * FROM cypher('predicate_functions', $$
    RETURN all(x IN [1, 2, 3] WHERE x > 1)
$$) AS (result agtype);
 result 
--------
 false
(1 row)

-- empty list -> true (vacuous truth)
SELECT * FROM cypher('predicate_functions', $$
    RETURN all(x IN [] WHERE x > 0)
$$) AS (result agtype);
 result 
--------
 true
(1 row)

--
-- any() predicate function
--
-- at least one element satisfies -> true
SELECT * FROM cypher('predicate_functions', $$
    RETURN any(x IN [1, 2, 3] WHERE x > 2)
$$) AS (result agtype);
 result 
--------
 true
(1 row)

-- no element satisfies -> false
SELECT * FROM cypher('predicate_functions', $$
    RETURN any(x IN [1, 2, 3] WHERE x > 5)
$$) AS (result agtype);
 result 
--------
 false
(1 row)

-- empty list -> false
SELECT * FROM cypher('predicate_functions', $$
    RETURN any(x IN [] WHERE x > 0)
$$) AS (result agtype);
 result 
--------
 false
(1 row)

--
-- none() predicate function
--
-- no element satisfies predicate -> true
SELECT * FROM cypher('predicate_functions', $$
    RETURN none(x IN [1, 2, 3] WHERE x > 5)
$$) AS (result agtype);
 result 
--------
 true
(1 row)

-- at least one satisfies -> false
SELECT * FROM cypher('predicate_functions', $$
    RETURN none(x IN [1, 2, 3] WHERE x > 2)
$$) AS (result agtype);
 result 
--------
 false
(1 row)

-- empty list -> true
SELECT * FROM cypher('predicate_functions', $$
    RETURN none(x IN [] WHERE x > 0)
$$) AS (result agtype);
 result 
--------
 true
(1 row)

--
-- single() predicate function
--
-- exactly one element satisfies -> true
SELECT * FROM cypher('predicate_functions', $$
    RETURN single(x IN [1, 2, 3] WHERE x > 2)
$$) AS (result agtype);
 result 
--------
 true
(1 row)

-- more than one satisfies -> false
SELECT * FROM cypher('predicate_functions', $$
    RETURN single(x IN [1, 2, 3] WHERE x > 1)
$$) AS (result agtype);
 result 
--------
 false
(1 row)

-- none satisfies -> false
SELECT * FROM cypher('predicate_functions', $$
    RETURN single(x IN [1, 2, 3] WHERE x > 5)
$$) AS (result agtype);
 result 
--------
 false
(1 row)

-- empty list -> false
SELECT * FROM cypher('predicate_functions', $$
    RETURN single(x IN [] WHERE x > 0)
$$) AS (result agtype);
 result 
--------
 false
(1 row)

--
-- NULL list input: all four return null
-- (NULL-list guard in the grammar produces CASE WHEN expr IS NULL
-- THEN NULL ELSE <subquery> END)
--
SELECT * FROM cypher('predicate_functions', $$
    RETURN all(x IN null WHERE x > 0)
$$) AS (result agtype);
 result 
--------
 
(1 row)

SELECT * FROM cypher('predicate_functions', $$
    RETURN any(x IN null WHERE x > 0)
$$) AS (result agtype);
 result 
--------
 
(1 row)

SELECT * FROM cypher('predicate_functions', $$
    RETURN none(x IN null WHERE x > 0)
$$) AS (result agtype);
 result 
--------
 
(1 row)

SELECT * FROM cypher('predicate_functions', $$
    RETURN single(x IN null WHERE x > 0)
$$) AS (result agtype);
 result 
--------
 
(1 row)

--
-- NULL predicate results: three-valued logic
--
-- Note: In AGE's agtype, null is a first-class value.  The comparison
-- agtype_null > agtype_integer evaluates to true (not SQL NULL).
-- Three-valued logic only applies when the predicate itself is a
-- literal null constant, which becomes SQL NULL after coercion.
-- agtype null in list: null > 0 = true in AGE, so any() = true
SELECT * FROM cypher('predicate_functions', $$
    RETURN any(x IN [null] WHERE x > 0)
$$) AS (result agtype);
 result 
--------
 true
(1 row)

-- agtype null + real values: all comparisons are true
SELECT * FROM cypher('predicate_functions', $$
    RETURN any(x IN [null, 1, 2] WHERE x > 0)
$$) AS (result agtype);
 result 
--------
 true
(1 row)

-- literal null predicate: pred = SQL NULL -> three-valued logic
-- all([1] WHERE null) = null (unknown)
SELECT * FROM cypher('predicate_functions', $$
    RETURN all(x IN [1] WHERE null)
$$) AS (result agtype);
 result 
--------
 
(1 row)

-- agtype null in list: null > 0 = true in AGE, so all() = true
SELECT * FROM cypher('predicate_functions', $$
    RETURN all(x IN [1, null, 2] WHERE x > 0)
$$) AS (result agtype);
 result 
--------
 true
(1 row)

-- -1 > 0 = false, so all() = false
SELECT * FROM cypher('predicate_functions', $$
    RETURN all(x IN [1, null, -1] WHERE x > 0)
$$) AS (result agtype);
 result 
--------
 false
(1 row)

-- agtype null > 0 = true in AGE, so none() = false
SELECT * FROM cypher('predicate_functions', $$
    RETURN none(x IN [null] WHERE x > 0)
$$) AS (result agtype);
 result 
--------
 false
(1 row)

-- 5 > 0 = true, so none() = false
SELECT * FROM cypher('predicate_functions', $$
    RETURN none(x IN [null, 5] WHERE x > 0)
$$) AS (result agtype);
 result 
--------
 false
(1 row)

-- agtype null > 0 = true AND 5 > 0 = true: 2 matches, single = false
SELECT * FROM cypher('predicate_functions', $$
    RETURN single(x IN [null, 5] WHERE x > 0)
$$) AS (result agtype);
 result 
--------
 false
(1 row)

-- single() with null list: NULL (same as other predicate functions)
SELECT * FROM cypher('predicate_functions', $$
    RETURN single(x IN null WHERE x > 0)
$$) AS (result agtype);
 result 
--------
 
(1 row)

--
-- Integration with graph data
--
SELECT * FROM cypher('predicate_functions', $$
    CREATE ({name: 'even', vals: [2, 4, 6, 8]})
$$) AS (result agtype);
 result 
--------
(0 rows)

SELECT * FROM cypher('predicate_functions', $$
    CREATE ({name: 'mixed', vals: [1, 2, 3, 4]})
$$) AS (result agtype);
 result 
--------
(0 rows)

SELECT * FROM cypher('predicate_functions', $$
    CREATE ({name: 'odd', vals: [1, 3, 5, 7]})
$$) AS (result agtype);
 result 
--------
(0 rows)

-- all() with graph properties
SELECT * FROM cypher('predicate_functions', $$
    MATCH (u) WHERE all(x IN u.vals WHERE x % 2 = 0)
    RETURN u.name
    ORDER BY u.name
$$) AS (result agtype);
 result 
--------
 "even"
(1 row)

-- any() with graph properties
SELECT * FROM cypher('predicate_functions', $$
    MATCH (u) WHERE any(x IN u.vals WHERE x > 6)
    RETURN u.name
    ORDER BY u.name
$$) AS (result agtype);
 result 
--------
 "even"
 "odd"
(2 rows)

-- none() with graph properties
SELECT * FROM cypher('predicate_functions', $$
    MATCH (u) WHERE none(x IN u.vals WHERE x < 0)
    RETURN u.name
    ORDER BY u.name
$$) AS (result agtype);
 result  
---------
 "even"
 "mixed"
 "odd"
(3 rows)

-- single() with graph properties
SELECT * FROM cypher('predicate_functions', $$
    MATCH (u) WHERE single(x IN u.vals WHERE x = 8)
    RETURN u.name
    ORDER BY u.name
$$) AS (result agtype);
 result 
--------
 "even"
(1 row)

--
-- Property access on the loop variable
--
-- any: true (2 > 1) / false (none > 5)
SELECT * FROM cypher('predicate_functions', $$
    RETURN any(x IN [{n: 1}, {n: 2}] WHERE x.n > 1)
$$) AS (result agtype);
 result 
--------
 true
(1 row)

SELECT * FROM cypher('predicate_functions', $$
    RETURN any(x IN [{n: 1}, {n: 2}] WHERE x.n > 5)
$$) AS (result agtype);
 result 
--------
 false
(1 row)

-- all: true (both > 0) / false (not all > 1)
SELECT * FROM cypher('predicate_functions', $$
    RETURN all(x IN [{n: 1}, {n: 2}] WHERE x.n > 0)
$$) AS (result agtype);
 result 
--------
 true
(1 row)

SELECT * FROM cypher('predicate_functions', $$
    RETURN all(x IN [{n: 1}, {n: 2}] WHERE x.n > 1)
$$) AS (result agtype);
 result 
--------
 false
(1 row)

-- none: true (neither > 2) / false (one matches)
SELECT * FROM cypher('predicate_functions', $$
    RETURN none(x IN [{n: 1}, {n: 2}] WHERE x.n > 2)
$$) AS (result agtype);
 result 
--------
 true
(1 row)

SELECT * FROM cypher('predicate_functions', $$
    RETURN none(x IN [{n: 1}, {n: 2}] WHERE x.n = 1)
$$) AS (result agtype);
 result 
--------
 false
(1 row)

-- single: true (exactly one) / false (both match)
SELECT * FROM cypher('predicate_functions', $$
    RETURN single(x IN [{n: 1}, {n: 2}] WHERE x.n = 1)
$$) AS (result agtype);
 result 
--------
 true
(1 row)

SELECT * FROM cypher('predicate_functions', $$
    RETURN single(x IN [{n: 1}, {n: 2}] WHERE x.n > 0)
$$) AS (result agtype);
 result 
--------
 false
(1 row)

-- Property access on vertex loop variables over a collected node list
-- any: true ('even' exists) / false (no 'missing')
SELECT * FROM cypher('predicate_functions', $$
    MATCH (u) WITH collect(u) AS ns
    RETURN any(x IN ns WHERE x.name = 'even')
$$) AS (result agtype);
 result 
--------
 true
(1 row)

SELECT * FROM cypher('predicate_functions', $$
    MATCH (u) WITH collect(u) AS ns
    RETURN any(x IN ns WHERE x.name = 'missing')
$$) AS (result agtype);
 result 
--------
 false
(1 row)

-- all: true (all have non-empty vals) / false (not all named 'even')
SELECT * FROM cypher('predicate_functions', $$
    MATCH (u) WITH collect(u) AS ns
    RETURN all(x IN ns WHERE size(x.vals) > 0)
$$) AS (result agtype);
 result 
--------
 true
(1 row)

SELECT * FROM cypher('predicate_functions', $$
    MATCH (u) WITH collect(u) AS ns
    RETURN all(x IN ns WHERE x.name = 'even')
$$) AS (result agtype);
 result 
--------
 false
(1 row)

-- none: true (none 'missing') / false ('even' matches)
SELECT * FROM cypher('predicate_functions', $$
    MATCH (u) WITH collect(u) AS ns
    RETURN none(x IN ns WHERE x.name = 'missing')
$$) AS (result agtype);
 result 
--------
 true
(1 row)

SELECT * FROM cypher('predicate_functions', $$
    MATCH (u) WITH collect(u) AS ns
    RETURN none(x IN ns WHERE x.name = 'even')
$$) AS (result agtype);
 result 
--------
 false
(1 row)

-- single: true (only one 'odd') / false (all have non-empty vals)
SELECT * FROM cypher('predicate_functions', $$
    MATCH (u) WITH collect(u) AS ns
    RETURN single(x IN ns WHERE x.name = 'odd')
$$) AS (result agtype);
 result 
--------
 true
(1 row)

SELECT * FROM cypher('predicate_functions', $$
    MATCH (u) WITH collect(u) AS ns
    RETURN single(x IN ns WHERE size(x.vals) > 0)
$$) AS (result agtype);
 result 
--------
 false
(1 row)

--
-- Predicate functions in boolean expressions
--
SELECT * FROM cypher('predicate_functions', $$
    RETURN any(x IN [1, 2, 3] WHERE x > 2)
           AND all(y IN [4, 5, 6] WHERE y > 0)
$$) AS (result agtype);
 result 
--------
 true
(1 row)

SELECT * FROM cypher('predicate_functions', $$
    RETURN none(x IN [1, 2, 3] WHERE x > 5)
           OR single(y IN [1, 2, 3] WHERE y = 2)
$$) AS (result agtype);
 result 
--------
 true
(1 row)

--
-- Nested predicate functions
--
SELECT * FROM cypher('predicate_functions', $$
    RETURN any(x IN [1, 2, 3] WHERE all(y IN [1, 2] WHERE y < x))
$$) AS (result agtype);
 result 
--------
 true
(1 row)

--
-- Keywords as property key names (safe_keywords backward compatibility)
--
SELECT * FROM cypher('predicate_functions', $$
    RETURN {any: 1, none: 2, single: 3}
$$) AS (result agtype);
               result               
------------------------------------
 {"any": 1, "none": 2, "single": 3}
(1 row)

--
-- Cleanup
--
SELECT * FROM drop_graph('predicate_functions', true);
NOTICE:  drop cascades to 2 other objects
DETAIL:  drop cascades to table predicate_functions._ag_label_vertex
drop cascades to table predicate_functions._ag_label_edge
NOTICE:  graph "predicate_functions" has been dropped
 drop_graph 
------------
 
(1 row)

